2020-09-23 06:52:16 Debug: duration=1 rows=1 SHOW TABLES FROM `cakephp3b`
2020-09-23 06:52:16 Debug: duration=3 rows=9 SHOW FULL COLUMNS FROM `admins`
2020-09-23 06:52:16 Debug: duration=1 rows=1 SHOW INDEXES FROM `admins`
2020-09-23 06:52:16 Debug: duration=3 rows=0 SELECT * FROM information_schema.key_column_usage AS kcu
            INNER JOIN information_schema.referential_constraints AS rc
            ON (
                kcu.CONSTRAINT_NAME = rc.CONSTRAINT_NAME
                AND kcu.CONSTRAINT_SCHEMA = rc.CONSTRAINT_SCHEMA
            )
            WHERE kcu.TABLE_SCHEMA = 'cakephp3b' AND kcu.TABLE_NAME = 'admins' AND rc.TABLE_NAME = 'admins'
2020-09-23 06:52:16 Debug: duration=1 rows=1 SHOW TABLE STATUS WHERE Name = 'admins'
2020-09-23 06:52:16 Debug: duration=2 rows=9 SHOW FULL COLUMNS FROM `admins`
2020-09-23 06:52:16 Debug: duration=1 rows=1 SHOW INDEXES FROM `admins`
2020-09-23 06:52:16 Debug: duration=2 rows=0 SELECT * FROM information_schema.key_column_usage AS kcu
            INNER JOIN information_schema.referential_constraints AS rc
            ON (
                kcu.CONSTRAINT_NAME = rc.CONSTRAINT_NAME
                AND kcu.CONSTRAINT_SCHEMA = rc.CONSTRAINT_SCHEMA
            )
            WHERE kcu.TABLE_SCHEMA = 'cakephp3b' AND kcu.TABLE_NAME = 'admins' AND rc.TABLE_NAME = 'admins'
2020-09-23 06:52:16 Debug: duration=0 rows=1 SHOW TABLE STATUS WHERE Name = 'admins'
2020-09-23 06:52:19 Debug: duration=2 rows=9 SHOW FULL COLUMNS FROM `admins`
2020-09-23 06:52:19 Debug: duration=1 rows=1 SHOW INDEXES FROM `admins`
2020-09-23 06:52:19 Debug: duration=2 rows=0 SELECT * FROM information_schema.key_column_usage AS kcu
            INNER JOIN information_schema.referential_constraints AS rc
            ON (
                kcu.CONSTRAINT_NAME = rc.CONSTRAINT_NAME
                AND kcu.CONSTRAINT_SCHEMA = rc.CONSTRAINT_SCHEMA
            )
            WHERE kcu.TABLE_SCHEMA = 'cakephp3b' AND kcu.TABLE_NAME = 'admins' AND rc.TABLE_NAME = 'admins'
2020-09-23 06:52:19 Debug: duration=0 rows=1 SHOW TABLE STATUS WHERE Name = 'admins'
2020-09-23 06:53:00 Debug: duration=2 rows=9 SHOW FULL COLUMNS FROM `admins`
2020-09-23 06:53:00 Debug: duration=1 rows=1 SHOW INDEXES FROM `admins`
2020-09-23 06:53:00 Debug: duration=3 rows=0 SELECT * FROM information_schema.key_column_usage AS kcu
            INNER JOIN information_schema.referential_constraints AS rc
            ON (
                kcu.CONSTRAINT_NAME = rc.CONSTRAINT_NAME
                AND kcu.CONSTRAINT_SCHEMA = rc.CONSTRAINT_SCHEMA
            )
            WHERE kcu.TABLE_SCHEMA = 'cakephp3b' AND kcu.TABLE_NAME = 'admins' AND rc.TABLE_NAME = 'admins'
2020-09-23 06:53:00 Debug: duration=1 rows=1 SHOW TABLE STATUS WHERE Name = 'admins'
2020-09-23 06:53:00 Debug: duration=1 rows=0 SELECT Admins.id AS `Admins__id`, Admins.username AS `Admins__username`, Admins.email AS `Admins__email`, Admins.password AS `Admins__password`, Admins.role AS `Admins__role`, Admins.created_by AS `Admins__created_by`, Admins.updated_by AS `Admins__updated_by`, Admins.created AS `Admins__created`, Admins.updated AS `Admins__updated` FROM admins Admins LIMIT 20 OFFSET 0
2020-09-23 06:53:00 Debug: duration=1 rows=1 SELECT (COUNT(*)) AS `count` FROM admins Admins
2020-09-23 06:53:39 Debug: duration=0 rows=0 BEGIN
2020-09-23 06:53:39 Debug: duration=0 rows=0 SELECT 1 AS `existing` FROM admins Admins WHERE Admins.username = 'admin' LIMIT 1
2020-09-23 06:53:39 Debug: duration=1 rows=0 SELECT 1 AS `existing` FROM admins Admins WHERE Admins.email = 'admin@vtl-vtl.com' LIMIT 1
2020-09-23 06:53:39 Debug: duration=1 rows=1 INSERT INTO admins (username, email, password, role, created_by, updated_by, created) VALUES ('admin', 'admin@vtl-vtl.com', '123456', 1, 1, 1, '2020-09-23 06:53:39')
2020-09-23 06:53:39 Debug: duration=0 rows=0 COMMIT
2020-09-23 06:53:39 Debug: duration=1 rows=1 SELECT Admins.id AS `Admins__id`, Admins.username AS `Admins__username`, Admins.email AS `Admins__email`, Admins.password AS `Admins__password`, Admins.role AS `Admins__role`, Admins.created_by AS `Admins__created_by`, Admins.updated_by AS `Admins__updated_by`, Admins.created AS `Admins__created`, Admins.updated AS `Admins__updated` FROM admins Admins LIMIT 20 OFFSET 0
2020-09-23 06:53:40 Debug: duration=0 rows=1 SELECT (COUNT(*)) AS `count` FROM admins Admins
2020-09-23 06:53:48 Debug: duration=1 rows=1 SELECT Admins.id AS `Admins__id`, Admins.username AS `Admins__username`, Admins.email AS `Admins__email`, Admins.password AS `Admins__password`, Admins.role AS `Admins__role`, Admins.created_by AS `Admins__created_by`, Admins.updated_by AS `Admins__updated_by`, Admins.created AS `Admins__created`, Admins.updated AS `Admins__updated` FROM admins Admins WHERE Admins.id = 1 LIMIT 1
2020-09-23 06:53:50 Debug: duration=1 rows=1 SELECT Admins.id AS `Admins__id`, Admins.username AS `Admins__username`, Admins.email AS `Admins__email`, Admins.password AS `Admins__password`, Admins.role AS `Admins__role`, Admins.created_by AS `Admins__created_by`, Admins.updated_by AS `Admins__updated_by`, Admins.created AS `Admins__created`, Admins.updated AS `Admins__updated` FROM admins Admins LIMIT 20 OFFSET 0
2020-09-23 06:53:50 Debug: duration=0 rows=1 SELECT (COUNT(*)) AS `count` FROM admins Admins
2020-09-23 06:57:20 Debug: duration=3 rows=9 SHOW FULL COLUMNS FROM `admins`
2020-09-23 06:57:20 Debug: duration=1 rows=1 SHOW INDEXES FROM `admins`
2020-09-23 06:57:20 Debug: duration=2 rows=0 SELECT * FROM information_schema.key_column_usage AS kcu
            INNER JOIN information_schema.referential_constraints AS rc
            ON (
                kcu.CONSTRAINT_NAME = rc.CONSTRAINT_NAME
                AND kcu.CONSTRAINT_SCHEMA = rc.CONSTRAINT_SCHEMA
            )
            WHERE kcu.TABLE_SCHEMA = 'cakephp3b' AND kcu.TABLE_NAME = 'admins' AND rc.TABLE_NAME = 'admins'
2020-09-23 06:57:20 Debug: duration=1 rows=1 SHOW TABLE STATUS WHERE Name = 'admins'
2020-09-23 06:57:20 Debug: duration=1 rows=1 SELECT Admins.id AS `Admins__id`, Admins.username AS `Admins__username`, Admins.email AS `Admins__email`, Admins.password AS `Admins__password`, Admins.role AS `Admins__role`, Admins.created_by AS `Admins__created_by`, Admins.updated_by AS `Admins__updated_by`, Admins.created AS `Admins__created`, Admins.updated AS `Admins__updated` FROM admins Admins LIMIT 20 OFFSET 0
2020-09-23 06:57:20 Debug: duration=0 rows=1 SELECT (COUNT(*)) AS `count` FROM admins Admins
2020-09-23 06:57:23 Debug: duration=0 rows=1 SELECT Admins.id AS `Admins__id`, Admins.username AS `Admins__username`, Admins.email AS `Admins__email`, Admins.password AS `Admins__password`, Admins.role AS `Admins__role`, Admins.created_by AS `Admins__created_by`, Admins.updated_by AS `Admins__updated_by`, Admins.created AS `Admins__created`, Admins.updated AS `Admins__updated` FROM admins Admins LIMIT 20 OFFSET 0
2020-09-23 06:57:23 Debug: duration=1 rows=1 SELECT (COUNT(*)) AS `count` FROM admins Admins
2020-09-23 07:06:34 Debug: duration=3 rows=9 SHOW FULL COLUMNS FROM `admins`
2020-09-23 07:06:34 Debug: duration=1 rows=1 SHOW INDEXES FROM `admins`
2020-09-23 07:06:34 Debug: duration=3 rows=0 SELECT * FROM information_schema.key_column_usage AS kcu
            INNER JOIN information_schema.referential_constraints AS rc
            ON (
                kcu.CONSTRAINT_NAME = rc.CONSTRAINT_NAME
                AND kcu.CONSTRAINT_SCHEMA = rc.CONSTRAINT_SCHEMA
            )
            WHERE kcu.TABLE_SCHEMA = 'cakephp3b' AND kcu.TABLE_NAME = 'admins' AND rc.TABLE_NAME = 'admins'
2020-09-23 07:06:34 Debug: duration=1 rows=1 SHOW TABLE STATUS WHERE Name = 'admins'
2020-09-23 07:08:40 Debug: duration=2 rows=9 SHOW FULL COLUMNS FROM `admins`
2020-09-23 07:08:40 Debug: duration=1 rows=1 SHOW INDEXES FROM `admins`
2020-09-23 07:08:40 Debug: duration=2 rows=0 SELECT * FROM information_schema.key_column_usage AS kcu
            INNER JOIN information_schema.referential_constraints AS rc
            ON (
                kcu.CONSTRAINT_NAME = rc.CONSTRAINT_NAME
                AND kcu.CONSTRAINT_SCHEMA = rc.CONSTRAINT_SCHEMA
            )
            WHERE kcu.TABLE_SCHEMA = 'cakephp3b' AND kcu.TABLE_NAME = 'admins' AND rc.TABLE_NAME = 'admins'
2020-09-23 07:08:40 Debug: duration=0 rows=1 SHOW TABLE STATUS WHERE Name = 'admins'
2020-09-23 07:08:40 Debug: duration=0 rows=1 SELECT Admins.id AS `Admins__id`, Admins.username AS `Admins__username`, Admins.email AS `Admins__email`, Admins.password AS `Admins__password`, Admins.role AS `Admins__role`, Admins.created_by AS `Admins__created_by`, Admins.updated_by AS `Admins__updated_by`, Admins.created AS `Admins__created`, Admins.updated AS `Admins__updated` FROM admins Admins LIMIT 20 OFFSET 0
2020-09-23 07:08:40 Debug: duration=0 rows=1 SELECT (COUNT(*)) AS `count` FROM admins Admins
2020-09-23 07:10:48 Debug: duration=3 rows=9 SHOW FULL COLUMNS FROM `admins`
2020-09-23 07:10:48 Debug: duration=1 rows=1 SHOW INDEXES FROM `admins`
2020-09-23 07:10:48 Debug: duration=3 rows=0 SELECT * FROM information_schema.key_column_usage AS kcu
            INNER JOIN information_schema.referential_constraints AS rc
            ON (
                kcu.CONSTRAINT_NAME = rc.CONSTRAINT_NAME
                AND kcu.CONSTRAINT_SCHEMA = rc.CONSTRAINT_SCHEMA
            )
            WHERE kcu.TABLE_SCHEMA = 'cakephp3b' AND kcu.TABLE_NAME = 'admins' AND rc.TABLE_NAME = 'admins'
2020-09-23 07:10:48 Debug: duration=0 rows=1 SHOW TABLE STATUS WHERE Name = 'admins'
2020-09-23 07:10:48 Debug: duration=0 rows=1 SELECT Admins.id AS `Admins__id`, Admins.username AS `Admins__username`, Admins.email AS `Admins__email`, Admins.password AS `Admins__password`, Admins.role AS `Admins__role`, Admins.created_by AS `Admins__created_by`, Admins.updated_by AS `Admins__updated_by`, Admins.created AS `Admins__created`, Admins.updated AS `Admins__updated` FROM admins Admins LIMIT 20 OFFSET 0
2020-09-23 07:10:49 Debug: duration=1 rows=1 SELECT (COUNT(*)) AS `count` FROM admins Admins
2020-09-23 07:12:02 Debug: duration=1 rows=1 SELECT Admins.id AS `Admins__id`, Admins.username AS `Admins__username`, Admins.email AS `Admins__email`, Admins.password AS `Admins__password`, Admins.role AS `Admins__role`, Admins.created_by AS `Admins__created_by`, Admins.updated_by AS `Admins__updated_by`, Admins.created AS `Admins__created`, Admins.updated AS `Admins__updated` FROM admins Admins LIMIT 20 OFFSET 0
2020-09-23 07:12:02 Debug: duration=1 rows=1 SELECT (COUNT(*)) AS `count` FROM admins Admins
2020-09-23 07:13:20 Debug: duration=3 rows=9 SHOW FULL COLUMNS FROM `admins`
2020-09-23 07:13:20 Debug: duration=1 rows=1 SHOW INDEXES FROM `admins`
2020-09-23 07:13:20 Debug: duration=3 rows=0 SELECT * FROM information_schema.key_column_usage AS kcu
            INNER JOIN information_schema.referential_constraints AS rc
            ON (
                kcu.CONSTRAINT_NAME = rc.CONSTRAINT_NAME
                AND kcu.CONSTRAINT_SCHEMA = rc.CONSTRAINT_SCHEMA
            )
            WHERE kcu.TABLE_SCHEMA = 'cakephp3' AND kcu.TABLE_NAME = 'admins' AND rc.TABLE_NAME = 'admins'
2020-09-23 07:13:20 Debug: duration=1 rows=1 SHOW TABLE STATUS WHERE Name = 'admins'
2020-09-23 07:13:20 Debug: duration=0 rows=1 SELECT Admins.id AS `Admins__id`, Admins.username AS `Admins__username`, Admins.email AS `Admins__email`, Admins.password AS `Admins__password`, Admins.role AS `Admins__role`, Admins.created_by AS `Admins__created_by`, Admins.updated_by AS `Admins__updated_by`, Admins.created AS `Admins__created`, Admins.updated AS `Admins__updated` FROM admins Admins LIMIT 20 OFFSET 0
2020-09-23 07:13:20 Debug: duration=0 rows=1 SELECT (COUNT(*)) AS `count` FROM admins Admins
2020-09-23 07:13:24 Debug: duration=0 rows=1 SELECT Admins.id AS `Admins__id`, Admins.username AS `Admins__username`, Admins.email AS `Admins__email`, Admins.password AS `Admins__password`, Admins.role AS `Admins__role`, Admins.created_by AS `Admins__created_by`, Admins.updated_by AS `Admins__updated_by`, Admins.created AS `Admins__created`, Admins.updated AS `Admins__updated` FROM admins Admins LIMIT 20 OFFSET 0
2020-09-23 07:13:24 Debug: duration=1 rows=1 SELECT (COUNT(*)) AS `count` FROM admins Admins
2020-09-23 07:58:40 Debug: duration=3 rows=9 SHOW FULL COLUMNS FROM `admins`
2020-09-23 07:58:40 Debug: duration=2 rows=1 SHOW INDEXES FROM `admins`
2020-09-23 07:58:40 Debug: duration=3 rows=0 SELECT * FROM information_schema.key_column_usage AS kcu
            INNER JOIN information_schema.referential_constraints AS rc
            ON (
                kcu.CONSTRAINT_NAME = rc.CONSTRAINT_NAME
                AND kcu.CONSTRAINT_SCHEMA = rc.CONSTRAINT_SCHEMA
            )
            WHERE kcu.TABLE_SCHEMA = 'cakephp3' AND kcu.TABLE_NAME = 'admins' AND rc.TABLE_NAME = 'admins'
2020-09-23 07:58:40 Debug: duration=0 rows=1 SHOW TABLE STATUS WHERE Name = 'admins'
2020-09-23 07:58:40 Debug: duration=1 rows=1 SELECT Admins.id AS `Admins__id`, Admins.username AS `Admins__username`, Admins.email AS `Admins__email`, Admins.password AS `Admins__password`, Admins.role AS `Admins__role`, Admins.created_by AS `Admins__created_by`, Admins.updated_by AS `Admins__updated_by`, Admins.created AS `Admins__created`, Admins.updated AS `Admins__updated` FROM admins Admins LIMIT 20 OFFSET 0
2020-09-23 07:58:40 Debug: duration=1 rows=1 SELECT (COUNT(*)) AS `count` FROM admins Admins
